{
  message: 'Connected to MongoDB',
  level: 'info',
  label: 'winston custom format',
  timestamp: 'Jul-07-2023 04:09:31'
}
{
  message: 'Server running on port 5000',
  level: 'info',
  label: 'winston custom format',
  timestamp: 'Jul-07-2023 04:09:31'
}
{
  message: 'Connected to MongoDB',
  level: 'info',
  label: 'winston custom format',
  timestamp: 'Jul-07-2023 04:09:31'
}
{
  message: 'Connected to MongoDB',
  level: 'info',
  label: 'winston custom format',
  timestamp: 'Jul-07-2023 04:09:32'
}
{
  message: 'Connected to MongoDB',
  level: 'info',
  label: 'winston custom format',
  timestamp: 'Jul-07-2023 04:09:32'
}
{
  message: 'Connected to MongoDB',
  level: 'info',
  label: 'winston custom format',
  timestamp: 'Jul-07-2023 04:10:17'
}
{
  message: 'Server running on port 5000',
  level: 'info',
  label: 'winston custom format',
  timestamp: 'Jul-07-2023 04:10:17'
}
{
  message: 'Connected to MongoDB',
  level: 'info',
  label: 'winston custom format',
  timestamp: 'Jul-07-2023 04:10:56'
}
{
  message: 'Connected to MongoDB',
  level: 'info',
  label: 'winston custom format',
  timestamp: 'Jul-07-2023 04:10:56'
}
{
  message: 'Connected to MongoDB',
  level: 'info',
  label: 'winston custom format',
  timestamp: 'Jul-07-2023 04:10:56'
}
{
  message: 'Connected to MongoDB',
  level: 'info',
  label: 'winston custom format',
  timestamp: 'Jul-07-2023 04:10:56'
}
{
  message: 'Connected to MongoDB',
  level: 'info',
  label: 'winston custom format',
  timestamp: 'Jul-07-2023 04:10:56'
}
{
  message: 'Connected to MongoDB',
  level: 'info',
  label: 'winston custom format',
  timestamp: 'Jul-07-2023 04:10:56'
}
{
  message: 'Connected to MongoDB',
  level: 'info',
  label: 'winston custom format',
  timestamp: 'Jul-07-2023 04:10:56'
}
{
  message: 'Connected to MongoDB',
  level: 'info',
  label: 'winston custom format',
  timestamp: 'Jul-07-2023 04:10:56'
}
{
  message: 'Connected to MongoDB',
  level: 'info',
  label: 'winston custom format',
  timestamp: 'Jul-07-2023 04:10:56'
}
{
  message: 'Connected to MongoDB',
  level: 'info',
  label: 'winston custom format',
  timestamp: 'Jul-07-2023 04:10:56'
}
{
  message: 'Connected to MongoDB',
  level: 'info',
  label: 'winston custom format',
  timestamp: 'Jul-07-2023 04:10:56'
}
{
  message: 'Connected to MongoDB',
  level: 'info',
  label: 'winston custom format',
  timestamp: 'Jul-07-2023 04:10:56'
}
{
  message: 'Connected to MongoDB',
  level: 'info',
  label: 'winston custom format',
  timestamp: 'Jul-07-2023 04:10:56'
}
{
  message: 'Server running on port 5000',
  level: 'info',
  label: 'winston custom format',
  timestamp: 'Jul-07-2023 04:10:56'
}
{
  message: 'Connected to MongoDB',
  level: 'info',
  label: 'winston custom format',
  timestamp: 'Jul-07-2023 04:13:15'
}
{
  message: 'Server running on port 5000',
  level: 'info',
  label: 'winston custom format',
  timestamp: 'Jul-07-2023 04:13:15'
}
{
  message: 'Connected to MongoDB',
  level: 'info',
  label: 'winston custom format',
  timestamp: 'Jul-07-2023 04:38:20'
}
{
  message: 'Connected to MongoDB',
  level: 'info',
  label: 'winston custom format',
  timestamp: 'Jul-07-2023 04:38:20'
}
{
  message: 'Connected to MongoDB',
  level: 'info',
  label: 'winston custom format',
  timestamp: 'Jul-07-2023 04:38:20'
}
{
  message: 'Connected to MongoDB',
  level: 'info',
  label: 'winston custom format',
  timestamp: 'Jul-07-2023 04:38:20'
}
{
  message: 'Connected to MongoDB',
  level: 'info',
  label: 'winston custom format',
  timestamp: 'Jul-07-2023 04:38:20'
}
{
  message: 'Connected to MongoDB',
  level: 'info',
  label: 'winston custom format',
  timestamp: 'Jul-07-2023 04:38:20'
}
{
  message: 'Connected to MongoDB',
  level: 'info',
  label: 'winston custom format',
  timestamp: 'Jul-07-2023 04:38:20'
}
{
  message: 'Connected to MongoDB',
  level: 'info',
  label: 'winston custom format',
  timestamp: 'Jul-07-2023 04:38:20'
}
{
  message: 'Connected to MongoDB',
  level: 'info',
  label: 'winston custom format',
  timestamp: 'Jul-07-2023 04:38:20'
}
{
  message: 'Connected to MongoDB',
  level: 'info',
  label: 'winston custom format',
  timestamp: 'Jul-07-2023 04:38:20'
}
{
  message: 'Server running on port 5000',
  level: 'info',
  label: 'winston custom format',
  timestamp: 'Jul-07-2023 04:38:20'
}
{
  message: 'Connected to MongoDB',
  level: 'info',
  label: 'winston custom format',
  timestamp: 'Jul-07-2023 04:38:20'
}
{
  message: 'Connected to MongoDB',
  level: 'info',
  label: 'winston custom format',
  timestamp: 'Jul-07-2023 04:38:20'
}
{
  message: 'Connected to MongoDB',
  level: 'info',
  label: 'winston custom format',
  timestamp: 'Jul-07-2023 04:38:20'
}
{
  message: 'Connected to MongoDB',
  level: 'info',
  label: 'winston custom format',
  timestamp: 'Jul-07-2023 04:38:20'
}
{
  message: 'Connected to MongoDB',
  level: 'info',
  label: 'winston custom format',
  timestamp: 'Jul-07-2023 04:38:54'
}
{
  message: 'Connected to MongoDB',
  level: 'info',
  label: 'winston custom format',
  timestamp: 'Jul-07-2023 04:38:54'
}
{
  message: 'Connected to MongoDB',
  level: 'info',
  label: 'winston custom format',
  timestamp: 'Jul-07-2023 04:38:54'
}
{
  message: 'Connected to MongoDB',
  level: 'info',
  label: 'winston custom format',
  timestamp: 'Jul-07-2023 04:38:54'
}
{
  message: 'Connected to MongoDB',
  level: 'info',
  label: 'winston custom format',
  timestamp: 'Jul-07-2023 04:38:54'
}
{
  message: 'Connected to MongoDB',
  level: 'info',
  label: 'winston custom format',
  timestamp: 'Jul-07-2023 04:38:54'
}
{
  message: 'Connected to MongoDB',
  level: 'info',
  label: 'winston custom format',
  timestamp: 'Jul-07-2023 04:38:54'
}
{
  message: 'Connected to MongoDB',
  level: 'info',
  label: 'winston custom format',
  timestamp: 'Jul-07-2023 04:38:55'
}
{
  message: 'Connected to MongoDB',
  level: 'info',
  label: 'winston custom format',
  timestamp: 'Jul-07-2023 04:38:55'
}
{
  message: 'Connected to MongoDB',
  level: 'info',
  label: 'winston custom format',
  timestamp: 'Jul-07-2023 04:38:55'
}
{
  message: 'Connected to MongoDB',
  level: 'info',
  label: 'winston custom format',
  timestamp: 'Jul-07-2023 04:38:55'
}
{
  message: 'Connected to MongoDB',
  level: 'info',
  label: 'winston custom format',
  timestamp: 'Jul-07-2023 04:38:55'
}
{
  message: 'Connected to MongoDB',
  level: 'info',
  label: 'winston custom format',
  timestamp: 'Jul-07-2023 04:38:55'
}
{
  message: 'Connected to MongoDB',
  level: 'info',
  label: 'winston custom format',
  timestamp: 'Jul-07-2023 04:39:13'
}
{
  message: 'Connected to MongoDB',
  level: 'info',
  label: 'winston custom format',
  timestamp: 'Jul-07-2023 04:39:13'
}
{
  message: 'Connected to MongoDB',
  level: 'info',
  label: 'winston custom format',
  timestamp: 'Jul-07-2023 04:39:13'
}
{
  message: 'Connected to MongoDB',
  level: 'info',
  label: 'winston custom format',
  timestamp: 'Jul-07-2023 04:39:13'
}
{
  message: 'Connected to MongoDB',
  level: 'info',
  label: 'winston custom format',
  timestamp: 'Jul-07-2023 04:39:13'
}
{
  message: 'Connected to MongoDB',
  level: 'info',
  label: 'winston custom format',
  timestamp: 'Jul-07-2023 04:39:13'
}
{
  message: 'Connected to MongoDB',
  level: 'info',
  label: 'winston custom format',
  timestamp: 'Jul-07-2023 04:39:13'
}
{
  message: 'Connected to MongoDB',
  level: 'info',
  label: 'winston custom format',
  timestamp: 'Jul-07-2023 04:39:14'
}
{
  message: 'Connected to MongoDB',
  level: 'info',
  label: 'winston custom format',
  timestamp: 'Jul-07-2023 04:39:14'
}
{
  message: 'Connected to MongoDB',
  level: 'info',
  label: 'winston custom format',
  timestamp: 'Jul-07-2023 04:39:14'
}
{
  message: 'Connected to MongoDB',
  level: 'info',
  label: 'winston custom format',
  timestamp: 'Jul-07-2023 04:39:14'
}
{
  message: 'Connected to MongoDB',
  level: 'info',
  label: 'winston custom format',
  timestamp: 'Jul-07-2023 04:39:14'
}
{
  message: 'Connected to MongoDB',
  level: 'info',
  label: 'winston custom format',
  timestamp: 'Jul-07-2023 04:39:14'
}
{
  message: 'Connected to MongoDB',
  level: 'info',
  label: 'winston custom format',
  timestamp: 'Jul-07-2023 04:40:47'
}
{
  message: 'Server running on port 5000',
  level: 'info',
  label: 'winston custom format',
  timestamp: 'Jul-07-2023 04:40:47'
}
{
  message: 'Connected to MongoDB',
  level: 'info',
  label: 'winston custom format',
  timestamp: 'Jul-07-2023 04:40:48'
}
{
  message: 'Connected to MongoDB',
  level: 'info',
  label: 'winston custom format',
  timestamp: 'Jul-07-2023 04:40:49'
}
{
  message: 'Connected to MongoDB',
  level: 'info',
  label: 'winston custom format',
  timestamp: 'Jul-07-2023 04:40:49'
}
{
  message: 'Connected to MongoDB',
  level: 'info',
  label: 'winston custom format',
  timestamp: 'Jul-07-2023 04:40:49'
}
{
  message: 'Connected to MongoDB',
  level: 'info',
  label: 'winston custom format',
  timestamp: 'Jul-07-2023 04:40:49'
}
{
  message: 'Connected to MongoDB',
  level: 'info',
  label: 'winston custom format',
  timestamp: 'Jul-07-2023 04:40:49'
}
{
  message: 'Connected to MongoDB',
  level: 'info',
  label: 'winston custom format',
  timestamp: 'Jul-07-2023 04:40:49'
}
{
  message: 'Connected to MongoDB',
  level: 'info',
  label: 'winston custom format',
  timestamp: 'Jul-07-2023 04:40:49'
}
{
  message: 'Connected to MongoDB',
  level: 'info',
  label: 'winston custom format',
  timestamp: 'Jul-07-2023 04:40:49'
}
{
  message: 'Connected to MongoDB',
  level: 'info',
  label: 'winston custom format',
  timestamp: 'Jul-07-2023 04:40:50'
}
{
  message: 'Connected to MongoDB',
  level: 'info',
  label: 'winston custom format',
  timestamp: 'Jul-07-2023 04:40:50'
}
{
  message: 'Connected to MongoDB',
  level: 'info',
  label: 'winston custom format',
  timestamp: 'Jul-07-2023 04:40:50'
}
{
  message: 'Connected to MongoDB',
  level: 'info',
  label: 'winston custom format',
  timestamp: 'Jul-07-2023 04:42:14'
}
{
  message: 'Connected to MongoDB',
  level: 'info',
  label: 'winston custom format',
  timestamp: 'Jul-07-2023 04:42:14'
}
{
  message: 'Connected to MongoDB',
  level: 'info',
  label: 'winston custom format',
  timestamp: 'Jul-07-2023 04:42:15'
}
{
  message: 'Connected to MongoDB',
  level: 'info',
  label: 'winston custom format',
  timestamp: 'Jul-07-2023 04:42:15'
}
{
  message: 'Connected to MongoDB',
  level: 'info',
  label: 'winston custom format',
  timestamp: 'Jul-07-2023 04:42:15'
}
{
  message: 'Connected to MongoDB',
  level: 'info',
  label: 'winston custom format',
  timestamp: 'Jul-07-2023 04:42:15'
}
{
  message: 'Connected to MongoDB',
  level: 'info',
  label: 'winston custom format',
  timestamp: 'Jul-07-2023 04:42:15'
}
{
  message: 'Server running on port 5000',
  level: 'info',
  label: 'winston custom format',
  timestamp: 'Jul-07-2023 04:42:15'
}
{
  message: 'Connected to MongoDB',
  level: 'info',
  label: 'winston custom format',
  timestamp: 'Jul-07-2023 04:42:15'
}
{
  message: 'Connected to MongoDB',
  level: 'info',
  label: 'winston custom format',
  timestamp: 'Jul-07-2023 04:42:16'
}
{
  message: 'Connected to MongoDB',
  level: 'info',
  label: 'winston custom format',
  timestamp: 'Jul-07-2023 04:42:16'
}
{
  message: 'Connected to MongoDB',
  level: 'info',
  label: 'winston custom format',
  timestamp: 'Jul-07-2023 04:42:16'
}
{
  message: 'Connected to MongoDB',
  level: 'info',
  label: 'winston custom format',
  timestamp: 'Jul-07-2023 04:42:16'
}
{
  message: 'Connected to MongoDB',
  level: 'info',
  label: 'winston custom format',
  timestamp: 'Jul-07-2023 04:42:47'
}
{
  message: 'Connected to MongoDB',
  level: 'info',
  label: 'winston custom format',
  timestamp: 'Jul-07-2023 04:42:46'
}
{
  message: 'Server running on port 5000',
  level: 'info',
  label: 'winston custom format',
  timestamp: 'Jul-07-2023 04:42:47'
}
{
  message: 'Connected to MongoDB',
  level: 'info',
  label: 'winston custom format',
  timestamp: 'Jul-07-2023 04:42:47'
}
{
  message: 'Connected to MongoDB',
  level: 'info',
  label: 'winston custom format',
  timestamp: 'Jul-07-2023 04:42:48'
}
{
  message: 'Connected to MongoDB',
  level: 'info',
  label: 'winston custom format',
  timestamp: 'Jul-07-2023 04:42:48'
}
{
  message: 'Connected to MongoDB',
  level: 'info',
  label: 'winston custom format',
  timestamp: 'Jul-07-2023 04:42:48'
}
{
  message: 'Connected to MongoDB',
  level: 'info',
  label: 'winston custom format',
  timestamp: 'Jul-07-2023 04:42:48'
}
{
  message: 'Connected to MongoDB',
  level: 'info',
  label: 'winston custom format',
  timestamp: 'Jul-07-2023 04:42:49'
}
{
  message: 'Connected to MongoDB',
  level: 'info',
  label: 'winston custom format',
  timestamp: 'Jul-07-2023 04:42:49'
}
{
  message: 'Connected to MongoDB',
  level: 'info',
  label: 'winston custom format',
  timestamp: 'Jul-07-2023 04:42:52'
}
{
  message: 'Connected to MongoDB',
  level: 'info',
  label: 'winston custom format',
  timestamp: 'Jul-07-2023 04:43:04'
}
{
  message: 'Connected to MongoDB',
  level: 'info',
  label: 'winston custom format',
  timestamp: 'Jul-07-2023 04:43:04'
}
{
  message: 'Server running on port 5000',
  level: 'info',
  label: 'winston custom format',
  timestamp: 'Jul-07-2023 04:43:04'
}
{
  message: 'Connected to MongoDB',
  level: 'info',
  label: 'winston custom format',
  timestamp: 'Jul-07-2023 04:43:06'
}
{
  message: 'Connected to MongoDB',
  level: 'info',
  label: 'winston custom format',
  timestamp: 'Jul-07-2023 04:43:06'
}
{
  message: 'Connected to MongoDB',
  level: 'info',
  label: 'winston custom format',
  timestamp: 'Jul-07-2023 04:43:07'
}
{
  message: 'Connected to MongoDB',
  level: 'info',
  label: 'winston custom format',
  timestamp: 'Jul-07-2023 04:43:07'
}
{
  message: 'Connected to MongoDB',
  level: 'info',
  label: 'winston custom format',
  timestamp: 'Jul-07-2023 04:43:08'
}
{
  message: 'Connected to MongoDB',
  level: 'info',
  label: 'winston custom format',
  timestamp: 'Jul-07-2023 04:43:09'
}
{
  message: 'Connected to MongoDB',
  level: 'info',
  label: 'winston custom format',
  timestamp: 'Jul-07-2023 04:43:09'
}
{
  message: 'Connected to MongoDB',
  level: 'info',
  label: 'winston custom format',
  timestamp: 'Jul-07-2023 04:43:10'
}
{
  message: 'Server running on port 5000',
  level: 'info',
  label: 'winston custom format',
  timestamp: 'Jul-07-2023 04:43:10'
}
{
  message: 'Connected to MongoDB',
  level: 'info',
  label: 'winston custom format',
  timestamp: 'Jul-07-2023 04:43:10'
}
{
  message: 'Connected to MongoDB',
  level: 'info',
  label: 'winston custom format',
  timestamp: 'Jul-07-2023 04:43:20'
}
{
  message: 'Server running on port 5000',
  level: 'info',
  label: 'winston custom format',
  timestamp: 'Jul-07-2023 04:43:20'
}
{
  message: 'Connected to MongoDB',
  level: 'info',
  label: 'winston custom format',
  timestamp: 'Jul-07-2023 04:43:21'
}
{
  message: 'Connected to MongoDB',
  level: 'info',
  label: 'winston custom format',
  timestamp: 'Jul-07-2023 04:43:21'
}
{
  message: 'Connected to MongoDB',
  level: 'info',
  label: 'winston custom format',
  timestamp: 'Jul-07-2023 04:43:21'
}
{
  message: 'Connected to MongoDB',
  level: 'info',
  label: 'winston custom format',
  timestamp: 'Jul-07-2023 04:43:22'
}
{
  message: 'Connected to MongoDB',
  level: 'info',
  label: 'winston custom format',
  timestamp: 'Jul-07-2023 04:43:22'
}
{
  message: 'Connected to MongoDB',
  level: 'info',
  label: 'winston custom format',
  timestamp: 'Jul-07-2023 04:43:22'
}
{
  message: 'Connected to MongoDB',
  level: 'info',
  label: 'winston custom format',
  timestamp: 'Jul-07-2023 04:43:22'
}
{
  message: 'Connected to MongoDB',
  level: 'info',
  label: 'winston custom format',
  timestamp: 'Jul-07-2023 04:43:22'
}
{
  message: 'Connected to MongoDB',
  level: 'info',
  label: 'winston custom format',
  timestamp: 'Jul-07-2023 04:43:22'
}
{
  message: 'Connected to MongoDB',
  level: 'info',
  label: 'winston custom format',
  timestamp: 'Jul-07-2023 04:43:22'
}
{
  message: 'Connected to MongoDB',
  level: 'info',
  label: 'winston custom format',
  timestamp: 'Jul-07-2023 04:43:22'
}
{
  message: 'Connected to MongoDB',
  level: 'info',
  label: 'winston custom format',
  timestamp: 'Jul-07-2023 04:43:51'
}
{
  message: 'Connected to MongoDB',
  level: 'info',
  label: 'winston custom format',
  timestamp: 'Jul-07-2023 04:43:51'
}
{
  message: 'Connected to MongoDB',
  level: 'info',
  label: 'winston custom format',
  timestamp: 'Jul-07-2023 04:43:51'
}
{
  message: 'Connected to MongoDB',
  level: 'info',
  label: 'winston custom format',
  timestamp: 'Jul-07-2023 04:43:51'
}
{
  message: 'Server running on port 5000',
  level: 'info',
  label: 'winston custom format',
  timestamp: 'Jul-07-2023 04:43:52'
}
{
  message: 'Connected to MongoDB',
  level: 'info',
  label: 'winston custom format',
  timestamp: 'Jul-07-2023 04:43:52'
}
{
  message: 'Connected to MongoDB',
  level: 'info',
  label: 'winston custom format',
  timestamp: 'Jul-07-2023 04:43:52'
}
{
  message: 'Connected to MongoDB',
  level: 'info',
  label: 'winston custom format',
  timestamp: 'Jul-07-2023 04:44:48'
}
{
  message: 'Connected to MongoDB',
  level: 'info',
  label: 'winston custom format',
  timestamp: 'Jul-07-2023 04:44:48'
}
{
  message: 'Connected to MongoDB',
  level: 'info',
  label: 'winston custom format',
  timestamp: 'Jul-07-2023 04:44:48'
}
{
  message: 'Connected to MongoDB',
  level: 'info',
  label: 'winston custom format',
  timestamp: 'Jul-07-2023 04:44:48'
}
{
  message: 'Connected to MongoDB',
  level: 'info',
  label: 'winston custom format',
  timestamp: 'Jul-07-2023 04:44:48'
}
{
  message: 'Connected to MongoDB',
  level: 'info',
  label: 'winston custom format',
  timestamp: 'Jul-07-2023 04:44:49'
}
{
  message: 'Server running on port 5000',
  level: 'info',
  label: 'winston custom format',
  timestamp: 'Jul-07-2023 04:44:48'
}
{
  message: 'Connected to MongoDB',
  level: 'info',
  label: 'winston custom format',
  timestamp: 'Jul-07-2023 04:44:49'
}
{
  message: 'Connected to MongoDB',
  level: 'info',
  label: 'winston custom format',
  timestamp: 'Jul-07-2023 04:44:49'
}
{
  message: 'Connected to MongoDB',
  level: 'info',
  label: 'winston custom format',
  timestamp: 'Jul-07-2023 04:44:49'
}
{
  message: 'Connected to MongoDB',
  level: 'info',
  label: 'winston custom format',
  timestamp: 'Jul-07-2023 04:44:49'
}
{
  message: 'Connected to MongoDB',
  level: 'info',
  label: 'winston custom format',
  timestamp: 'Jul-07-2023 04:44:49'
}
{
  message: 'Connected to MongoDB',
  level: 'info',
  label: 'winston custom format',
  timestamp: 'Jul-07-2023 04:44:49'
}
{
  message: 'Connected to MongoDB',
  level: 'info',
  label: 'winston custom format',
  timestamp: 'Jul-07-2023 04:44:49'
}
{
  message: 'Connected to MongoDB',
  level: 'info',
  label: 'winston custom format',
  timestamp: 'Jul-07-2023 04:45:01'
}
{
  message: 'Connected to MongoDB',
  level: 'info',
  label: 'winston custom format',
  timestamp: 'Jul-07-2023 04:45:01'
}
{
  message: 'Connected to MongoDB',
  level: 'info',
  label: 'winston custom format',
  timestamp: 'Jul-07-2023 04:45:01'
}
{
  message: 'Connected to MongoDB',
  level: 'info',
  label: 'winston custom format',
  timestamp: 'Jul-07-2023 04:45:02'
}
{
  message: 'Server running on port 5000',
  level: 'info',
  label: 'winston custom format',
  timestamp: 'Jul-07-2023 04:45:01'
}
{
  message: 'Connected to MongoDB',
  level: 'info',
  label: 'winston custom format',
  timestamp: 'Jul-07-2023 04:45:02'
}
{
  message: 'Connected to MongoDB',
  level: 'info',
  label: 'winston custom format',
  timestamp: 'Jul-07-2023 04:45:02'
}
{
  message: 'Connected to MongoDB',
  level: 'info',
  label: 'winston custom format',
  timestamp: 'Jul-07-2023 04:45:02'
}
{
  message: 'Connected to MongoDB',
  level: 'info',
  label: 'winston custom format',
  timestamp: 'Jul-07-2023 04:45:02'
}
{
  message: 'Connected to MongoDB',
  level: 'info',
  label: 'winston custom format',
  timestamp: 'Jul-07-2023 04:45:02'
}
{
  message: 'Connected to MongoDB',
  level: 'info',
  label: 'winston custom format',
  timestamp: 'Jul-07-2023 04:45:02'
}
{
  message: 'Connected to MongoDB',
  level: 'info',
  label: 'winston custom format',
  timestamp: 'Jul-07-2023 04:45:03'
}
{
  message: 'Connected to MongoDB',
  level: 'info',
  label: 'winston custom format',
  timestamp: 'Jul-07-2023 04:45:03'
}
{
  message: 'Connected to MongoDB',
  level: 'info',
  label: 'winston custom format',
  timestamp: 'Jul-07-2023 04:45:17'
}
{
  message: 'Server running on port 5000',
  level: 'info',
  label: 'winston custom format',
  timestamp: 'Jul-07-2023 04:45:17'
}
{
  message: 'Connected to MongoDB',
  level: 'info',
  label: 'winston custom format',
  timestamp: 'Jul-07-2023 04:45:21'
}
{
  message: 'Connected to MongoDB',
  level: 'info',
  label: 'winston custom format',
  timestamp: 'Jul-07-2023 04:45:21'
}
{
  message: 'Connected to MongoDB',
  level: 'info',
  label: 'winston custom format',
  timestamp: 'Jul-07-2023 04:45:21'
}
{
  message: 'Connected to MongoDB',
  level: 'info',
  label: 'winston custom format',
  timestamp: 'Jul-07-2023 04:45:21'
}
{
  message: 'Connected to MongoDB',
  level: 'info',
  label: 'winston custom format',
  timestamp: 'Jul-07-2023 04:45:22'
}
{
  message: 'Connected to MongoDB',
  level: 'info',
  label: 'winston custom format',
  timestamp: 'Jul-07-2023 04:45:22'
}
{
  message: 'Connected to MongoDB',
  level: 'info',
  label: 'winston custom format',
  timestamp: 'Jul-07-2023 04:45:22'
}
{
  message: 'Connected to MongoDB',
  level: 'info',
  label: 'winston custom format',
  timestamp: 'Jul-07-2023 04:45:22'
}
{
  message: 'Connected to MongoDB',
  level: 'info',
  label: 'winston custom format',
  timestamp: 'Jul-07-2023 04:45:22'
}
{
  message: 'Connected to MongoDB',
  level: 'info',
  label: 'winston custom format',
  timestamp: 'Jul-07-2023 04:45:22'
}
{
  message: 'Connected to MongoDB',
  level: 'info',
  label: 'winston custom format',
  timestamp: 'Jul-07-2023 04:45:22'
}
{
  message: 'Connected to MongoDB',
  level: 'info',
  label: 'winston custom format',
  timestamp: 'Jul-07-2023 04:45:23'
}
{
  message: 'Connected to MongoDB',
  level: 'info',
  label: 'winston custom format',
  timestamp: 'Jul-07-2023 04:45:23'
}
{
  message: 'Connected to MongoDB',
  level: 'info',
  label: 'winston custom format',
  timestamp: 'Jul-07-2023 04:45:50'
}
{
  message: 'Server running on port 5000',
  level: 'info',
  label: 'winston custom format',
  timestamp: 'Jul-07-2023 04:45:50'
}
{
  message: 'Connected to MongoDB',
  level: 'info',
  label: 'winston custom format',
  timestamp: 'Jul-07-2023 04:45:50'
}
{
  message: 'Connected to MongoDB',
  level: 'info',
  label: 'winston custom format',
  timestamp: 'Jul-07-2023 04:45:50'
}
{
  message: 'Connected to MongoDB',
  level: 'info',
  label: 'winston custom format',
  timestamp: 'Jul-07-2023 04:45:51'
}
{
  message: 'Connected to MongoDB',
  level: 'info',
  label: 'winston custom format',
  timestamp: 'Jul-07-2023 04:45:51'
}
{
  message: 'Connected to MongoDB',
  level: 'info',
  label: 'winston custom format',
  timestamp: 'Jul-07-2023 04:45:51'
}
{
  message: 'Connected to MongoDB',
  level: 'info',
  label: 'winston custom format',
  timestamp: 'Jul-07-2023 04:45:51'
}
{
  message: 'Connected to MongoDB',
  level: 'info',
  label: 'winston custom format',
  timestamp: 'Jul-07-2023 04:45:51'
}
{
  message: 'Connected to MongoDB',
  level: 'info',
  label: 'winston custom format',
  timestamp: 'Jul-07-2023 04:45:51'
}
{
  message: 'Connected to MongoDB',
  level: 'info',
  label: 'winston custom format',
  timestamp: 'Jul-07-2023 04:45:51'
}
{
  message: 'Connected to MongoDB',
  level: 'info',
  label: 'winston custom format',
  timestamp: 'Jul-07-2023 04:45:51'
}
{
  message: 'Connected to MongoDB',
  level: 'info',
  label: 'winston custom format',
  timestamp: 'Jul-07-2023 04:45:52'
}
{
  message: 'Connected to MongoDB',
  level: 'info',
  label: 'winston custom format',
  timestamp: 'Jul-07-2023 04:45:52'
}
{
  message: 'Connected to MongoDB',
  level: 'info',
  label: 'winston custom format',
  timestamp: 'Jul-07-2023 04:46:29'
}
{
  message: 'Connected to MongoDB',
  level: 'info',
  label: 'winston custom format',
  timestamp: 'Jul-07-2023 04:46:29'
}
{
  message: 'Server running on port 5000',
  level: 'info',
  label: 'winston custom format',
  timestamp: 'Jul-07-2023 04:46:29'
}
{
  message: 'Connected to MongoDB',
  level: 'info',
  label: 'winston custom format',
  timestamp: 'Jul-07-2023 04:46:29'
}
{
  message: 'Connected to MongoDB',
  level: 'info',
  label: 'winston custom format',
  timestamp: 'Jul-07-2023 04:46:29'
}
{
  message: 'Connected to MongoDB',
  level: 'info',
  label: 'winston custom format',
  timestamp: 'Jul-07-2023 04:46:29'
}
{
  message: 'Connected to MongoDB',
  level: 'info',
  label: 'winston custom format',
  timestamp: 'Jul-07-2023 04:46:29'
}
{
  message: 'Connected to MongoDB',
  level: 'info',
  label: 'winston custom format',
  timestamp: 'Jul-07-2023 04:46:30'
}
{
  message: 'Connected to MongoDB',
  level: 'info',
  label: 'winston custom format',
  timestamp: 'Jul-07-2023 04:46:30'
}
{
  message: 'Connected to MongoDB',
  level: 'info',
  label: 'winston custom format',
  timestamp: 'Jul-07-2023 04:46:30'
}
{
  message: 'Connected to MongoDB',
  level: 'info',
  label: 'winston custom format',
  timestamp: 'Jul-07-2023 04:46:30'
}
{
  message: 'Connected to MongoDB',
  level: 'info',
  label: 'winston custom format',
  timestamp: 'Jul-07-2023 04:46:30'
}
{
  message: 'Connected to MongoDB',
  level: 'info',
  label: 'winston custom format',
  timestamp: 'Jul-07-2023 04:46:30'
}
{
  message: 'Connected to MongoDB',
  level: 'info',
  label: 'winston custom format',
  timestamp: 'Jul-07-2023 04:46:31'
}
{
  message: 'Connected to MongoDB',
  level: 'info',
  label: 'winston custom format',
  timestamp: 'Jul-07-2023 04:46:30'
}
{
  message: 'Connected to MongoDB',
  level: 'info',
  label: 'winston custom format',
  timestamp: 'Jul-07-2023 04:47:25'
}
{
  message: 'Connected to MongoDB',
  level: 'info',
  label: 'winston custom format',
  timestamp: 'Jul-07-2023 04:47:26'
}
{
  message: 'Server running on port 5000',
  level: 'info',
  label: 'winston custom format',
  timestamp: 'Jul-07-2023 04:47:26'
}
{
  message: 'Connected to MongoDB',
  level: 'info',
  label: 'winston custom format',
  timestamp: 'Jul-07-2023 04:47:26'
}
{
  message: 'Connected to MongoDB',
  level: 'info',
  label: 'winston custom format',
  timestamp: 'Jul-07-2023 04:47:26'
}
{
  message: 'Connected to MongoDB',
  level: 'info',
  label: 'winston custom format',
  timestamp: 'Jul-07-2023 04:47:27'
}
{
  message: 'Connected to MongoDB',
  level: 'info',
  label: 'winston custom format',
  timestamp: 'Jul-07-2023 04:47:27'
}
{
  message: 'Connected to MongoDB',
  level: 'info',
  label: 'winston custom format',
  timestamp: 'Jul-07-2023 04:47:27'
}
{
  message: 'Connected to MongoDB',
  level: 'info',
  label: 'winston custom format',
  timestamp: 'Jul-07-2023 04:47:27'
}
{
  message: 'Connected to MongoDB',
  level: 'info',
  label: 'winston custom format',
  timestamp: 'Jul-07-2023 04:47:27'
}
{
  message: 'Connected to MongoDB',
  level: 'info',
  label: 'winston custom format',
  timestamp: 'Jul-07-2023 04:48:30'
}
{
  message: 'Connected to MongoDB',
  level: 'info',
  label: 'winston custom format',
  timestamp: 'Jul-07-2023 04:48:30'
}
{
  message: 'Server running on port 5000',
  level: 'info',
  label: 'winston custom format',
  timestamp: 'Jul-07-2023 04:48:30'
}
{
  message: 'Connected to MongoDB',
  level: 'info',
  label: 'winston custom format',
  timestamp: 'Jul-07-2023 04:48:31'
}
{
  message: 'Connected to MongoDB',
  level: 'info',
  label: 'winston custom format',
  timestamp: 'Jul-07-2023 04:48:31'
}
{
  message: 'Connected to MongoDB',
  level: 'info',
  label: 'winston custom format',
  timestamp: 'Jul-07-2023 04:48:31'
}
{
  message: 'Connected to MongoDB',
  level: 'info',
  label: 'winston custom format',
  timestamp: 'Jul-07-2023 04:48:31'
}
{
  message: 'Connected to MongoDB',
  level: 'info',
  label: 'winston custom format',
  timestamp: 'Jul-07-2023 04:48:31'
}
{
  message: 'Connected to MongoDB',
  level: 'info',
  label: 'winston custom format',
  timestamp: 'Jul-07-2023 04:48:32'
}
{
  message: 'Connected to MongoDB',
  level: 'info',
  label: 'winston custom format',
  timestamp: 'Jul-07-2023 04:48:32'
}
{
  message: 'Connected to MongoDB',
  level: 'info',
  label: 'winston custom format',
  timestamp: 'Jul-07-2023 04:48:32'
}
{
  message: 'Connected to MongoDB',
  level: 'info',
  label: 'winston custom format',
  timestamp: 'Jul-07-2023 04:48:35'
}
{
  message: 'Connected to MongoDB',
  level: 'info',
  label: 'winston custom format',
  timestamp: 'Jul-07-2023 04:48:36'
}
{
  message: 'Connected to MongoDB',
  level: 'info',
  label: 'winston custom format',
  timestamp: 'Jul-07-2023 04:48:36'
}
{
  message: 'Connected to MongoDB',
  level: 'info',
  label: 'winston custom format',
  timestamp: 'Jul-07-2023 04:48:54'
}
{
  message: 'Connected to MongoDB',
  level: 'info',
  label: 'winston custom format',
  timestamp: 'Jul-07-2023 04:48:54'
}
{
  message: 'Server running on port 5000',
  level: 'info',
  label: 'winston custom format',
  timestamp: 'Jul-07-2023 04:48:54'
}
{
  message: 'Connected to MongoDB',
  level: 'info',
  label: 'winston custom format',
  timestamp: 'Jul-07-2023 04:48:57'
}
{
  message: 'Connected to MongoDB',
  level: 'info',
  label: 'winston custom format',
  timestamp: 'Jul-07-2023 04:48:57'
}
{
  message: 'Connected to MongoDB',
  level: 'info',
  label: 'winston custom format',
  timestamp: 'Jul-07-2023 04:48:57'
}
{
  message: 'Connected to MongoDB',
  level: 'info',
  label: 'winston custom format',
  timestamp: 'Jul-07-2023 04:48:57'
}
{
  message: 'Connected to MongoDB',
  level: 'info',
  label: 'winston custom format',
  timestamp: 'Jul-07-2023 04:48:57'
}
{
  message: 'Connected to MongoDB',
  level: 'info',
  label: 'winston custom format',
  timestamp: 'Jul-07-2023 04:48:57'
}
{
  message: 'Connected to MongoDB',
  level: 'info',
  label: 'winston custom format',
  timestamp: 'Jul-07-2023 04:48:57'
}
{
  message: 'Connected to MongoDB',
  level: 'info',
  label: 'winston custom format',
  timestamp: 'Jul-07-2023 04:48:58'
}
{
  message: 'Connected to MongoDB',
  level: 'info',
  label: 'winston custom format',
  timestamp: 'Jul-07-2023 04:48:58'
}
{
  message: 'Connected to MongoDB',
  level: 'info',
  label: 'winston custom format',
  timestamp: 'Jul-07-2023 04:48:58'
}
{
  message: 'Connected to MongoDB',
  level: 'info',
  label: 'winston custom format',
  timestamp: 'Jul-07-2023 04:48:59'
}
{
  message: 'Connected to MongoDB',
  level: 'info',
  label: 'winston custom format',
  timestamp: 'Jul-07-2023 04:48:59'
}
{
  message: 'Connected to MongoDB',
  level: 'info',
  label: 'winston custom format',
  timestamp: 'Jul-07-2023 04:51:12'
}
{
  message: 'Server running on port 5000',
  level: 'info',
  label: 'winston custom format',
  timestamp: 'Jul-07-2023 04:51:12'
}
{
  message: 'Connected to MongoDB',
  level: 'info',
  label: 'winston custom format',
  timestamp: 'Jul-07-2023 04:54:57'
}
{
  message: 'Connected to MongoDB',
  level: 'info',
  label: 'winston custom format',
  timestamp: 'Jul-07-2023 04:54:57'
}
{
  message: 'Connected to MongoDB',
  level: 'info',
  label: 'winston custom format',
  timestamp: 'Jul-07-2023 04:54:57'
}
{
  message: 'Connected to MongoDB',
  level: 'info',
  label: 'winston custom format',
  timestamp: 'Jul-07-2023 04:54:57'
}
{
  message: 'Connected to MongoDB',
  level: 'info',
  label: 'winston custom format',
  timestamp: 'Jul-07-2023 04:54:57'
}
{
  message: 'Connected to MongoDB',
  level: 'info',
  label: 'winston custom format',
  timestamp: 'Jul-07-2023 04:54:57'
}
{
  message: 'Connected to MongoDB',
  level: 'info',
  label: 'winston custom format',
  timestamp: 'Jul-07-2023 04:54:57'
}
{
  message: 'Connected to MongoDB',
  level: 'info',
  label: 'winston custom format',
  timestamp: 'Jul-07-2023 04:54:57'
}
{
  message: 'Connected to MongoDB',
  level: 'info',
  label: 'winston custom format',
  timestamp: 'Jul-07-2023 04:54:57'
}
{
  message: 'Connected to MongoDB',
  level: 'info',
  label: 'winston custom format',
  timestamp: 'Jul-07-2023 04:54:57'
}
{
  message: 'Connected to MongoDB',
  level: 'info',
  label: 'winston custom format',
  timestamp: 'Jul-07-2023 04:54:57'
}
{
  message: 'Connected to MongoDB',
  level: 'info',
  label: 'winston custom format',
  timestamp: 'Jul-07-2023 04:54:58'
}
{
  message: 'Connected to MongoDB',
  level: 'info',
  label: 'winston custom format',
  timestamp: 'Jul-07-2023 04:54:58'
}
{
  message: 'Connected to MongoDB',
  level: 'info',
  label: 'winston custom format',
  timestamp: 'Jul-07-2023 04:55:23'
}
{
  message: 'Connected to MongoDB',
  level: 'info',
  label: 'winston custom format',
  timestamp: 'Jul-07-2023 04:55:22'
}
{
  message: 'Connected to MongoDB',
  level: 'info',
  label: 'winston custom format',
  timestamp: 'Jul-07-2023 04:55:22'
}
{
  message: 'Connected to MongoDB',
  level: 'info',
  label: 'winston custom format',
  timestamp: 'Jul-07-2023 04:55:23'
}
{
  message: 'Connected to MongoDB',
  level: 'info',
  label: 'winston custom format',
  timestamp: 'Jul-07-2023 04:55:21'
}
{
  message: 'Connected to MongoDB',
  level: 'info',
  label: 'winston custom format',
  timestamp: 'Jul-07-2023 04:55:22'
}
{
  message: 'Connected to MongoDB',
  level: 'info',
  label: 'winston custom format',
  timestamp: 'Jul-07-2023 04:55:21'
}
{
  message: 'Connected to MongoDB',
  level: 'info',
  label: 'winston custom format',
  timestamp: 'Jul-07-2023 04:55:22'
}
{
  message: 'Connected to MongoDB',
  level: 'info',
  label: 'winston custom format',
  timestamp: 'Jul-07-2023 04:55:22'
}
{
  message: 'Connected to MongoDB',
  level: 'info',
  label: 'winston custom format',
  timestamp: 'Jul-07-2023 04:55:22'
}
{
  message: 'Connected to MongoDB',
  level: 'info',
  label: 'winston custom format',
  timestamp: 'Jul-07-2023 04:55:23'
}
{
  message: 'Connected to MongoDB',
  level: 'info',
  label: 'winston custom format',
  timestamp: 'Jul-07-2023 04:55:21'
}
{
  message: 'Server running on port 5000',
  level: 'info',
  label: 'winston custom format',
  timestamp: 'Jul-07-2023 04:55:24'
}
{
  message: 'Connected to MongoDB',
  level: 'info',
  label: 'winston custom format',
  timestamp: 'Jul-07-2023 04:55:34'
}
{
  message: 'Connected to MongoDB',
  level: 'info',
  label: 'winston custom format',
  timestamp: 'Jul-07-2023 04:56:50'
}
{
  message: 'Connected to MongoDB',
  level: 'info',
  label: 'winston custom format',
  timestamp: 'Jul-07-2023 04:56:50'
}
{
  message: 'Server running on port 5000',
  level: 'info',
  label: 'winston custom format',
  timestamp: 'Jul-07-2023 04:56:50'
}
{
  message: 'Connected to MongoDB',
  level: 'info',
  label: 'winston custom format',
  timestamp: 'Jul-07-2023 04:56:50'
}
{
  message: 'Connected to MongoDB',
  level: 'info',
  label: 'winston custom format',
  timestamp: 'Jul-07-2023 04:56:50'
}
{
  message: 'Connected to MongoDB',
  level: 'info',
  label: 'winston custom format',
  timestamp: 'Jul-07-2023 04:56:51'
}
{
  message: 'Connected to MongoDB',
  level: 'info',
  label: 'winston custom format',
  timestamp: 'Jul-07-2023 04:56:51'
}
{
  message: 'Connected to MongoDB',
  level: 'info',
  label: 'winston custom format',
  timestamp: 'Jul-07-2023 04:56:51'
}
{
  message: 'Connected to MongoDB',
  level: 'info',
  label: 'winston custom format',
  timestamp: 'Jul-07-2023 04:56:51'
}
{
  message: 'Connected to MongoDB',
  level: 'info',
  label: 'winston custom format',
  timestamp: 'Jul-07-2023 04:56:51'
}
{
  message: 'Connected to MongoDB',
  level: 'info',
  label: 'winston custom format',
  timestamp: 'Jul-07-2023 04:56:51'
}
{
  message: 'Connected to MongoDB',
  level: 'info',
  label: 'winston custom format',
  timestamp: 'Jul-07-2023 04:56:51'
}
{
  message: 'Connected to MongoDB',
  level: 'info',
  label: 'winston custom format',
  timestamp: 'Jul-07-2023 04:56:52'
}
{
  message: 'Connected to MongoDB',
  level: 'info',
  label: 'winston custom format',
  timestamp: 'Jul-07-2023 04:56:52'
}
{
  message: 'Connected to MongoDB',
  level: 'info',
  label: 'winston custom format',
  timestamp: 'Jul-07-2023 04:57:14'
}
{
  message: 'Connected to MongoDB',
  level: 'info',
  label: 'winston custom format',
  timestamp: 'Jul-07-2023 04:57:14'
}
{
  message: 'Connected to MongoDB',
  level: 'info',
  label: 'winston custom format',
  timestamp: 'Jul-07-2023 04:57:14'
}
{
  message: 'Server running on port 5000',
  level: 'info',
  label: 'winston custom format',
  timestamp: 'Jul-07-2023 04:57:14'
}
{
  message: 'Connected to MongoDB',
  level: 'info',
  label: 'winston custom format',
  timestamp: 'Jul-07-2023 04:57:14'
}
{
  message: 'Connected to MongoDB',
  level: 'info',
  label: 'winston custom format',
  timestamp: 'Jul-07-2023 04:57:14'
}
{
  message: 'Connected to MongoDB',
  level: 'info',
  label: 'winston custom format',
  timestamp: 'Jul-07-2023 04:57:14'
}
{
  message: 'Connected to MongoDB',
  level: 'info',
  label: 'winston custom format',
  timestamp: 'Jul-07-2023 04:57:15'
}
{
  message: 'Connected to MongoDB',
  level: 'info',
  label: 'winston custom format',
  timestamp: 'Jul-07-2023 04:57:15'
}
{
  message: 'Connected to MongoDB',
  level: 'info',
  label: 'winston custom format',
  timestamp: 'Jul-07-2023 04:57:15'
}
{
  message: 'Connected to MongoDB',
  level: 'info',
  label: 'winston custom format',
  timestamp: 'Jul-07-2023 04:57:15'
}
{
  message: 'Connected to MongoDB',
  level: 'info',
  label: 'winston custom format',
  timestamp: 'Jul-07-2023 04:57:15'
}
{
  message: 'Connected to MongoDB',
  level: 'info',
  label: 'winston custom format',
  timestamp: 'Jul-07-2023 04:57:15'
}
{
  message: 'Connected to MongoDB',
  level: 'info',
  label: 'winston custom format',
  timestamp: 'Jul-07-2023 04:57:16'
}
{
  message: 'Connected to MongoDB',
  level: 'info',
  label: 'winston custom format',
  timestamp: 'Jul-07-2023 04:57:16'
}
{
  message: 'Connected to MongoDB',
  level: 'info',
  label: 'winston custom format',
  timestamp: 'Jul-07-2023 04:57:16'
}
{
  message: 'Connected to MongoDB',
  level: 'info',
  label: 'winston custom format',
  timestamp: 'Jul-07-2023 04:58:20'
}
{
  message: 'Server running on port 5000',
  level: 'info',
  label: 'winston custom format',
  timestamp: 'Jul-07-2023 04:58:20'
}
{
  message: 'Connected to MongoDB',
  level: 'info',
  label: 'winston custom format',
  timestamp: 'Jul-07-2023 04:58:20'
}
{
  message: 'Connected to MongoDB',
  level: 'info',
  label: 'winston custom format',
  timestamp: 'Jul-07-2023 04:58:20'
}
{
  message: 'Connected to MongoDB',
  level: 'info',
  label: 'winston custom format',
  timestamp: 'Jul-07-2023 04:58:21'
}
{
  message: 'Connected to MongoDB',
  level: 'info',
  label: 'winston custom format',
  timestamp: 'Jul-07-2023 04:58:21'
}
{
  message: 'Connected to MongoDB',
  level: 'info',
  label: 'winston custom format',
  timestamp: 'Jul-07-2023 04:58:21'
}
{
  message: 'Connected to MongoDB',
  level: 'info',
  label: 'winston custom format',
  timestamp: 'Jul-07-2023 04:58:21'
}
{
  message: 'Connected to MongoDB',
  level: 'info',
  label: 'winston custom format',
  timestamp: 'Jul-07-2023 04:58:21'
}
{
  message: 'Connected to MongoDB',
  level: 'info',
  label: 'winston custom format',
  timestamp: 'Jul-07-2023 04:58:21'
}
{
  message: 'Connected to MongoDB',
  level: 'info',
  label: 'winston custom format',
  timestamp: 'Jul-07-2023 04:58:21'
}
{
  message: 'Connected to MongoDB',
  level: 'info',
  label: 'winston custom format',
  timestamp: 'Jul-07-2023 04:58:21'
}
{
  message: 'Connected to MongoDB',
  level: 'info',
  label: 'winston custom format',
  timestamp: 'Jul-07-2023 04:58:21'
}
{
  message: 'Connected to MongoDB',
  level: 'info',
  label: 'winston custom format',
  timestamp: 'Jul-07-2023 04:58:21'
}
{
  message: 'Connected to MongoDB',
  level: 'info',
  label: 'winston custom format',
  timestamp: 'Jul-07-2023 04:59:36'
}
{
  message: 'Connected to MongoDB',
  level: 'info',
  label: 'winston custom format',
  timestamp: 'Jul-07-2023 04:59:36'
}
{
  message: 'Server running on port 5000',
  level: 'info',
  label: 'winston custom format',
  timestamp: 'Jul-07-2023 04:59:36'
}
{
  message: 'Connected to MongoDB',
  level: 'info',
  label: 'winston custom format',
  timestamp: 'Jul-07-2023 04:59:37'
}
{
  message: 'Connected to MongoDB',
  level: 'info',
  label: 'winston custom format',
  timestamp: 'Jul-07-2023 04:59:37'
}
{
  message: 'Connected to MongoDB',
  level: 'info',
  label: 'winston custom format',
  timestamp: 'Jul-07-2023 04:59:37'
}
{
  message: 'Connected to MongoDB',
  level: 'info',
  label: 'winston custom format',
  timestamp: 'Jul-07-2023 04:59:37'
}
{
  message: 'Connected to MongoDB',
  level: 'info',
  label: 'winston custom format',
  timestamp: 'Jul-07-2023 04:59:37'
}
{
  message: 'Connected to MongoDB',
  level: 'info',
  label: 'winston custom format',
  timestamp: 'Jul-07-2023 04:59:38'
}
{
  message: 'Connected to MongoDB',
  level: 'info',
  label: 'winston custom format',
  timestamp: 'Jul-07-2023 04:59:38'
}
{
  message: 'Connected to MongoDB',
  level: 'info',
  label: 'winston custom format',
  timestamp: 'Jul-07-2023 04:59:38'
}
{
  message: 'Connected to MongoDB',
  level: 'info',
  label: 'winston custom format',
  timestamp: 'Jul-07-2023 04:59:38'
}
{
  message: 'Connected to MongoDB',
  level: 'info',
  label: 'winston custom format',
  timestamp: 'Jul-07-2023 04:59:38'
}
{
  message: 'Connected to MongoDB',
  level: 'info',
  label: 'winston custom format',
  timestamp: 'Jul-07-2023 04:59:38'
}
{
  message: 'Connected to MongoDB',
  level: 'info',
  label: 'winston custom format',
  timestamp: 'Jul-07-2023 04:59:39'
}
{
  message: 'Connected to MongoDB',
  level: 'info',
  label: 'winston custom format',
  timestamp: 'Jul-07-2023 04:59:56'
}
{
  message: 'Server running on port 5000',
  level: 'info',
  label: 'winston custom format',
  timestamp: 'Jul-07-2023 04:59:56'
}
{
  message: 'Connected to MongoDB',
  level: 'info',
  label: 'winston custom format',
  timestamp: 'Jul-07-2023 04:59:57'
}
{
  message: 'Connected to MongoDB',
  level: 'info',
  label: 'winston custom format',
  timestamp: 'Jul-07-2023 04:59:59'
}
{
  message: 'Connected to MongoDB',
  level: 'info',
  label: 'winston custom format',
  timestamp: 'Jul-07-2023 04:59:59'
}
{
  message: 'Connected to MongoDB',
  level: 'info',
  label: 'winston custom format',
  timestamp: 'Jul-07-2023 04:59:59'
}
{
  message: 'Connected to MongoDB',
  level: 'info',
  label: 'winston custom format',
  timestamp: 'Jul-07-2023 04:59:59'
}
{
  message: 'Connected to MongoDB',
  level: 'info',
  label: 'winston custom format',
  timestamp: 'Jul-07-2023 05:00:00'
}
{
  message: 'Connected to MongoDB',
  level: 'info',
  label: 'winston custom format',
  timestamp: 'Jul-07-2023 05:00:00'
}
{
  message: 'Connected to MongoDB',
  level: 'info',
  label: 'winston custom format',
  timestamp: 'Jul-07-2023 05:00:00'
}
{
  message: 'Connected to MongoDB',
  level: 'info',
  label: 'winston custom format',
  timestamp: 'Jul-07-2023 05:00:00'
}
{
  message: 'Connected to MongoDB',
  level: 'info',
  label: 'winston custom format',
  timestamp: 'Jul-07-2023 05:00:00'
}
{
  message: 'Connected to MongoDB',
  level: 'info',
  label: 'winston custom format',
  timestamp: 'Jul-07-2023 05:00:00'
}
{
  message: 'Connected to MongoDB',
  level: 'info',
  label: 'winston custom format',
  timestamp: 'Jul-07-2023 05:00:00'
}
{
  message: 'Connected to MongoDB',
  level: 'info',
  label: 'winston custom format',
  timestamp: 'Jul-07-2023 05:00:00'
}
{
  message: 'Connected to MongoDB',
  level: 'info',
  label: 'winston custom format',
  timestamp: 'Jul-07-2023 05:00:00'
}
{
  message: 'Connected to MongoDB',
  level: 'info',
  label: 'winston custom format',
  timestamp: 'Jul-07-2023 05:00:20'
}
{
  message: 'Server running on port 5000',
  level: 'info',
  label: 'winston custom format',
  timestamp: 'Jul-07-2023 05:00:20'
}
{
  message: 'Connected to MongoDB',
  level: 'info',
  label: 'winston custom format',
  timestamp: 'Jul-07-2023 05:00:20'
}
{
  message: 'Connected to MongoDB',
  level: 'info',
  label: 'winston custom format',
  timestamp: 'Jul-07-2023 05:00:20'
}
{
  message: 'Connected to MongoDB',
  level: 'info',
  label: 'winston custom format',
  timestamp: 'Jul-07-2023 05:00:21'
}
{
  message: 'Connected to MongoDB',
  level: 'info',
  label: 'winston custom format',
  timestamp: 'Jul-07-2023 05:00:33'
}
{
  message: 'Connected to MongoDB',
  level: 'info',
  label: 'winston custom format',
  timestamp: 'Jul-07-2023 05:00:33'
}
{
  message: 'Server running on port 5000',
  level: 'info',
  label: 'winston custom format',
  timestamp: 'Jul-07-2023 05:00:33'
}
{
  message: 'Connected to MongoDB',
  level: 'info',
  label: 'winston custom format',
  timestamp: 'Jul-07-2023 05:00:33'
}
{
  message: 'Connected to MongoDB',
  level: 'info',
  label: 'winston custom format',
  timestamp: 'Jul-07-2023 05:00:33'
}
{
  message: 'Connected to MongoDB',
  level: 'info',
  label: 'winston custom format',
  timestamp: 'Jul-07-2023 05:00:33'
}
{
  message: 'Connected to MongoDB',
  level: 'info',
  label: 'winston custom format',
  timestamp: 'Jul-07-2023 05:00:34'
}
{
  message: 'Connected to MongoDB',
  level: 'info',
  label: 'winston custom format',
  timestamp: 'Jul-07-2023 05:00:34'
}
{
  message: 'Connected to MongoDB',
  level: 'info',
  label: 'winston custom format',
  timestamp: 'Jul-07-2023 05:00:34'
}
{
  message: 'Connected to MongoDB',
  level: 'info',
  label: 'winston custom format',
  timestamp: 'Jul-07-2023 05:00:34'
}
{
  message: 'Connected to MongoDB',
  level: 'info',
  label: 'winston custom format',
  timestamp: 'Jul-07-2023 05:00:34'
}
{
  message: 'Connected to MongoDB',
  level: 'info',
  label: 'winston custom format',
  timestamp: 'Jul-07-2023 05:00:34'
}
{
  message: 'Connected to MongoDB',
  level: 'info',
  label: 'winston custom format',
  timestamp: 'Jul-07-2023 05:00:34'
}
{
  message: 'Connected to MongoDB',
  level: 'info',
  label: 'winston custom format',
  timestamp: 'Jul-07-2023 05:00:34'
}
{
  message: 'Connected to MongoDB',
  level: 'info',
  label: 'winston custom format',
  timestamp: 'Jul-07-2023 05:00:34'
}
{
  message: 'Connected to MongoDB',
  level: 'info',
  label: 'winston custom format',
  timestamp: 'Jul-07-2023 05:01:46'
}
{
  message: 'Server running on port 5000',
  level: 'info',
  label: 'winston custom format',
  timestamp: 'Jul-07-2023 05:01:46'
}
{
  message: 'Connected to MongoDB',
  level: 'info',
  label: 'winston custom format',
  timestamp: 'Jul-07-2023 05:01:47'
}
{
  message: 'Connected to MongoDB',
  level: 'info',
  label: 'winston custom format',
  timestamp: 'Jul-07-2023 05:01:48'
}
{
  message: 'Connected to MongoDB',
  level: 'info',
  label: 'winston custom format',
  timestamp: 'Jul-07-2023 05:01:49'
}
{
  message: 'Connected to MongoDB',
  level: 'info',
  label: 'winston custom format',
  timestamp: 'Jul-07-2023 05:01:49'
}
{
  message: 'Connected to MongoDB',
  level: 'info',
  label: 'winston custom format',
  timestamp: 'Jul-07-2023 05:01:50'
}
{
  message: 'Connected to MongoDB',
  level: 'info',
  label: 'winston custom format',
  timestamp: 'Jul-07-2023 05:01:50'
}
{
  message: 'Connected to MongoDB',
  level: 'info',
  label: 'winston custom format',
  timestamp: 'Jul-07-2023 05:01:50'
}
{
  message: 'Connected to MongoDB',
  level: 'info',
  label: 'winston custom format',
  timestamp: 'Jul-07-2023 05:01:50'
}
{
  message: 'Connected to MongoDB',
  level: 'info',
  label: 'winston custom format',
  timestamp: 'Jul-07-2023 05:01:50'
}
{
  message: 'Connected to MongoDB',
  level: 'info',
  label: 'winston custom format',
  timestamp: 'Jul-07-2023 05:01:50'
}
{
  message: 'Connected to MongoDB',
  level: 'info',
  label: 'winston custom format',
  timestamp: 'Jul-07-2023 05:01:50'
}
{
  message: 'Connected to MongoDB',
  level: 'info',
  label: 'winston custom format',
  timestamp: 'Jul-07-2023 05:01:51'
}
{
  message: 'Connected to MongoDB',
  level: 'info',
  label: 'winston custom format',
  timestamp: 'Jul-07-2023 05:01:51'
}
{
  message: 'Connected to MongoDB',
  level: 'info',
  label: 'winston custom format',
  timestamp: 'Jul-07-2023 05:02:06'
}
{
  message: 'Connected to MongoDB',
  level: 'info',
  label: 'winston custom format',
  timestamp: 'Jul-07-2023 05:02:06'
}
{
  message: 'Server running on port 5000',
  level: 'info',
  label: 'winston custom format',
  timestamp: 'Jul-07-2023 05:02:06'
}
{
  message: 'Connected to MongoDB',
  level: 'info',
  label: 'winston custom format',
  timestamp: 'Jul-07-2023 05:02:06'
}
{
  message: 'Connected to MongoDB',
  level: 'info',
  label: 'winston custom format',
  timestamp: 'Jul-07-2023 05:02:06'
}
{
  message: 'Connected to MongoDB',
  level: 'info',
  label: 'winston custom format',
  timestamp: 'Jul-07-2023 05:02:07'
}
{
  message: 'Connected to MongoDB',
  level: 'info',
  label: 'winston custom format',
  timestamp: 'Jul-07-2023 05:03:00'
}
{
  message: 'Connected to MongoDB',
  level: 'info',
  label: 'winston custom format',
  timestamp: 'Jul-07-2023 05:03:00'
}
{
  message: 'Connected to MongoDB',
  level: 'info',
  label: 'winston custom format',
  timestamp: 'Jul-07-2023 05:03:00'
}
{
  message: 'Server running on port 5000',
  level: 'info',
  label: 'winston custom format',
  timestamp: 'Jul-07-2023 05:03:00'
}
{
  message: 'Connected to MongoDB',
  level: 'info',
  label: 'winston custom format',
  timestamp: 'Jul-07-2023 05:03:01'
}
{
  message: 'Connected to MongoDB',
  level: 'info',
  label: 'winston custom format',
  timestamp: 'Jul-07-2023 05:03:01'
}
{
  message: 'Connected to MongoDB',
  level: 'info',
  label: 'winston custom format',
  timestamp: 'Jul-07-2023 05:03:01'
}
{
  message: 'Connected to MongoDB',
  level: 'info',
  label: 'winston custom format',
  timestamp: 'Jul-07-2023 05:03:01'
}
{
  message: 'Connected to MongoDB',
  level: 'info',
  label: 'winston custom format',
  timestamp: 'Jul-07-2023 05:03:01'
}
{
  message: 'Connected to MongoDB',
  level: 'info',
  label: 'winston custom format',
  timestamp: 'Jul-07-2023 05:03:01'
}
{
  message: 'Connected to MongoDB',
  level: 'info',
  label: 'winston custom format',
  timestamp: 'Jul-07-2023 05:03:02'
}
{
  message: 'Connected to MongoDB',
  level: 'info',
  label: 'winston custom format',
  timestamp: 'Jul-07-2023 05:03:02'
}
{
  message: 'Connected to MongoDB',
  level: 'info',
  label: 'winston custom format',
  timestamp: 'Jul-07-2023 05:03:02'
}
{
  message: 'Connected to MongoDB',
  level: 'info',
  label: 'winston custom format',
  timestamp: 'Jul-07-2023 05:03:02'
}
{
  message: 'Connected to MongoDB',
  level: 'info',
  label: 'winston custom format',
  timestamp: 'Jul-07-2023 05:03:02'
}
{
  message: 'Connected to MongoDB',
  level: 'info',
  label: 'winston custom format',
  timestamp: 'Jul-07-2023 05:03:34'
}
{
  message: 'Connected to MongoDB',
  level: 'info',
  label: 'winston custom format',
  timestamp: 'Jul-07-2023 05:03:35'
}
{
  message: 'Server running on port 5000',
  level: 'info',
  label: 'winston custom format',
  timestamp: 'Jul-07-2023 05:03:35'
}
{
  message: 'Connected to MongoDB',
  level: 'info',
  label: 'winston custom format',
  timestamp: 'Jul-07-2023 05:04:02'
}
{
  message: 'Server running on port 5000',
  level: 'info',
  label: 'winston custom format',
  timestamp: 'Jul-07-2023 05:04:02'
}
{
  message: 'Connected to MongoDB',
  level: 'info',
  label: 'winston custom format',
  timestamp: 'Jul-07-2023 05:04:18'
}
{
  message: 'Server running on port 5000',
  level: 'info',
  label: 'winston custom format',
  timestamp: 'Jul-07-2023 05:04:18'
}
{
  message: 'Connected to MongoDB',
  level: 'info',
  label: 'winston custom format',
  timestamp: 'Jul-07-2023 05:04:18'
}
{
  message: 'Connected to MongoDB',
  level: 'info',
  label: 'winston custom format',
  timestamp: 'Jul-07-2023 05:04:18'
}
{
  message: 'Connected to MongoDB',
  level: 'info',
  label: 'winston custom format',
  timestamp: 'Jul-07-2023 05:04:18'
}
{
  message: 'Connected to MongoDB',
  level: 'info',
  label: 'winston custom format',
  timestamp: 'Jul-07-2023 05:04:18'
}
{
  message: 'Connected to MongoDB',
  level: 'info',
  label: 'winston custom format',
  timestamp: 'Jul-07-2023 05:04:19'
}
{
  message: 'Connected to MongoDB',
  level: 'info',
  label: 'winston custom format',
  timestamp: 'Jul-07-2023 05:04:19'
}
{
  message: 'Connected to MongoDB',
  level: 'info',
  label: 'winston custom format',
  timestamp: 'Jul-07-2023 05:04:19'
}
{
  message: 'Connected to MongoDB',
  level: 'info',
  label: 'winston custom format',
  timestamp: 'Jul-07-2023 05:04:19'
}
{
  message: 'Connected to MongoDB',
  level: 'info',
  label: 'winston custom format',
  timestamp: 'Jul-07-2023 05:04:19'
}
{
  message: 'Connected to MongoDB',
  level: 'info',
  label: 'winston custom format',
  timestamp: 'Jul-07-2023 05:04:19'
}
{
  message: 'Connected to MongoDB',
  level: 'info',
  label: 'winston custom format',
  timestamp: 'Jul-07-2023 05:04:19'
}
{
  message: 'Connected to MongoDB',
  level: 'info',
  label: 'winston custom format',
  timestamp: 'Jul-07-2023 05:04:20'
}
{
  message: 'Connected to MongoDB',
  level: 'info',
  label: 'winston custom format',
  timestamp: 'Jul-07-2023 05:04:20'
}
{
  message: 'Connected to MongoDB',
  level: 'info',
  label: 'winston custom format',
  timestamp: 'Jul-07-2023 05:05:07'
}
{
  message: 'Connected to MongoDB',
  level: 'info',
  label: 'winston custom format',
  timestamp: 'Jul-07-2023 05:05:08'
}
{
  message: 'Server running on port 5000',
  level: 'info',
  label: 'winston custom format',
  timestamp: 'Jul-07-2023 05:05:08'
}
{
  message: 'Connected to MongoDB',
  level: 'info',
  label: 'winston custom format',
  timestamp: 'Jul-07-2023 05:05:08'
}
{
  message: 'Connected to MongoDB',
  level: 'info',
  label: 'winston custom format',
  timestamp: 'Jul-07-2023 05:05:08'
}
{
  message: 'Connected to MongoDB',
  level: 'info',
  label: 'winston custom format',
  timestamp: 'Jul-07-2023 05:05:08'
}
{
  message: 'Connected to MongoDB',
  level: 'info',
  label: 'winston custom format',
  timestamp: 'Jul-07-2023 05:05:08'
}
{
  message: 'Connected to MongoDB',
  level: 'info',
  label: 'winston custom format',
  timestamp: 'Jul-07-2023 05:05:08'
}
{
  message: 'Connected to MongoDB',
  level: 'info',
  label: 'winston custom format',
  timestamp: 'Jul-07-2023 05:05:08'
}
{
  message: 'Connected to MongoDB',
  level: 'info',
  label: 'winston custom format',
  timestamp: 'Jul-07-2023 05:05:08'
}
{
  message: 'Connected to MongoDB',
  level: 'info',
  label: 'winston custom format',
  timestamp: 'Jul-07-2023 05:05:08'
}
{
  message: 'Connected to MongoDB',
  level: 'info',
  label: 'winston custom format',
  timestamp: 'Jul-07-2023 05:05:09'
}
{
  message: 'Connected to MongoDB',
  level: 'info',
  label: 'winston custom format',
  timestamp: 'Jul-07-2023 05:05:09'
}
{
  message: 'Connected to MongoDB',
  level: 'info',
  label: 'winston custom format',
  timestamp: 'Jul-07-2023 05:05:09'
}
{
  message: 'Connected to MongoDB',
  level: 'info',
  label: 'winston custom format',
  timestamp: 'Jul-07-2023 05:05:09'
}
{
  message: 'Connected to MongoDB',
  level: 'info',
  label: 'winston custom format',
  timestamp: 'Jul-07-2023 05:05:09'
}
{
  message: 'Connected to MongoDB',
  level: 'info',
  label: 'winston custom format',
  timestamp: 'Jul-07-2023 05:07:43'
}
{
  message: 'Server running on port 5000',
  level: 'info',
  label: 'winston custom format',
  timestamp: 'Jul-07-2023 05:07:43'
}
{
  message: 'Connected to MongoDB',
  level: 'info',
  label: 'winston custom format',
  timestamp: 'Jul-07-2023 05:07:44'
}
{
  message: 'Connected to MongoDB',
  level: 'info',
  label: 'winston custom format',
  timestamp: 'Jul-07-2023 05:07:44'
}
{
  message: 'Connected to MongoDB',
  level: 'info',
  label: 'winston custom format',
  timestamp: 'Jul-07-2023 05:07:44'
}
{
  message: 'Connected to MongoDB',
  level: 'info',
  label: 'winston custom format',
  timestamp: 'Jul-07-2023 05:07:45'
}
{
  message: 'Connected to MongoDB',
  level: 'info',
  label: 'winston custom format',
  timestamp: 'Jul-07-2023 05:07:45'
}
{
  message: 'Connected to MongoDB',
  level: 'info',
  label: 'winston custom format',
  timestamp: 'Jul-07-2023 05:07:45'
}
{
  message: 'Connected to MongoDB',
  level: 'info',
  label: 'winston custom format',
  timestamp: 'Jul-07-2023 05:08:28'
}
{
  message: 'Server running on port 5000',
  level: 'info',
  label: 'winston custom format',
  timestamp: 'Jul-07-2023 05:08:28'
}
{
  message: 'Connected to MongoDB',
  level: 'info',
  label: 'winston custom format',
  timestamp: 'Jul-07-2023 05:08:28'
}
{
  message: 'Connected to MongoDB',
  level: 'info',
  label: 'winston custom format',
  timestamp: 'Jul-07-2023 05:08:28'
}
{
  message: 'Connected to MongoDB',
  level: 'info',
  label: 'winston custom format',
  timestamp: 'Jul-07-2023 05:08:29'
}
{
  message: 'Connected to MongoDB',
  level: 'info',
  label: 'winston custom format',
  timestamp: 'Jul-07-2023 05:08:29'
}
{
  message: 'Connected to MongoDB',
  level: 'info',
  label: 'winston custom format',
  timestamp: 'Jul-07-2023 05:08:29'
}
{
  message: 'Connected to MongoDB',
  level: 'info',
  label: 'winston custom format',
  timestamp: 'Jul-07-2023 05:08:29'
}
{
  message: 'Connected to MongoDB',
  level: 'info',
  label: 'winston custom format',
  timestamp: 'Jul-07-2023 05:08:29'
}
{
  message: 'Connected to MongoDB',
  level: 'info',
  label: 'winston custom format',
  timestamp: 'Jul-07-2023 05:08:29'
}
{
  message: 'Connected to MongoDB',
  level: 'info',
  label: 'winston custom format',
  timestamp: 'Jul-07-2023 05:08:29'
}
{
  message: 'Connected to MongoDB',
  level: 'info',
  label: 'winston custom format',
  timestamp: 'Jul-07-2023 05:08:29'
}
{
  message: 'Connected to MongoDB',
  level: 'info',
  label: 'winston custom format',
  timestamp: 'Jul-07-2023 05:08:30'
}
{
  message: 'Connected to MongoDB',
  level: 'info',
  label: 'winston custom format',
  timestamp: 'Jul-07-2023 05:08:30'
}
{
  message: 'Connected to MongoDB',
  level: 'info',
  label: 'winston custom format',
  timestamp: 'Jul-07-2023 05:08:30'
}
{
  message: 'Connected to MongoDB',
  level: 'info',
  label: 'winston custom format',
  timestamp: 'Jul-07-2023 05:40:25'
}
{
  message: 'Connected to MongoDB',
  level: 'info',
  label: 'winston custom format',
  timestamp: 'Jul-07-2023 05:40:25'
}
{
  message: 'Connected to MongoDB',
  level: 'info',
  label: 'winston custom format',
  timestamp: 'Jul-07-2023 05:40:25'
}
{
  message: 'Connected to MongoDB',
  level: 'info',
  label: 'winston custom format',
  timestamp: 'Jul-07-2023 05:40:25'
}
{
  message: 'Connected to MongoDB',
  level: 'info',
  label: 'winston custom format',
  timestamp: 'Jul-07-2023 05:40:25'
}
{
  message: 'Connected to MongoDB',
  level: 'info',
  label: 'winston custom format',
  timestamp: 'Jul-07-2023 05:40:25'
}
{
  message: 'Connected to MongoDB',
  level: 'info',
  label: 'winston custom format',
  timestamp: 'Jul-07-2023 05:40:25'
}
{
  message: 'Server running on port 5000',
  level: 'info',
  label: 'winston custom format',
  timestamp: 'Jul-07-2023 05:40:25'
}
{
  message: 'Connected to MongoDB',
  level: 'info',
  label: 'winston custom format',
  timestamp: 'Jul-07-2023 05:40:25'
}
{
  message: 'Connected to MongoDB',
  level: 'info',
  label: 'winston custom format',
  timestamp: 'Jul-07-2023 05:40:25'
}
{
  message: 'Connected to MongoDB',
  level: 'info',
  label: 'winston custom format',
  timestamp: 'Jul-07-2023 05:40:25'
}
{
  message: 'Connected to MongoDB',
  level: 'info',
  label: 'winston custom format',
  timestamp: 'Jul-07-2023 05:40:25'
}
{
  message: 'Connected to MongoDB',
  level: 'info',
  label: 'winston custom format',
  timestamp: 'Jul-07-2023 05:40:26'
}
{
  message: 'Connected to MongoDB',
  level: 'info',
  label: 'winston custom format',
  timestamp: 'Jul-07-2023 05:40:26'
}
{
  message: 'Connected to MongoDB',
  level: 'info',
  label: 'winston custom format',
  timestamp: 'Jul-07-2023 05:40:26'
}
{
  message: 'Connected to MongoDB',
  level: 'info',
  label: 'winston custom format',
  timestamp: 'Jul-07-2023 05:40:26'
}
{
  message: 'Connected to MongoDB',
  level: 'info',
  label: 'winston custom format',
  timestamp: 'Jul-07-2023 05:42:53'
}
{
  message: 'Server running on port 5000',
  level: 'info',
  label: 'winston custom format',
  timestamp: 'Jul-07-2023 05:42:53'
}
